<?xml version="1.0" encoding="UTF-8"?>
<!-- Generated by org.testng.reporters.JUnitXMLReporter -->
<testsuite ignored="0" hostname="DESKTOP-ANGRPUP" failures="0" tests="4" name="Default test" time="41.353" errors="0" timestamp="2025-05-05T19:09:03 BOT">
  <testcase classname="testng.TestShop" name="testAgregarProducto" time="7.084"/>
  <testcase classname="testng.TestShop" name="testAgregarProducto" time="4.104"/>
  <testcase classname="testng.TestShop" name="testAgregarProducto" time="4.825"/>
  <testcase classname="testng.TestShop" name="validarSubtotalCarrito" time="11.365"/>
</testsuite> <!-- Default test -->
