<?xml version="1.0" encoding="UTF-8"?>
<testng-results ignored="0" total="1" passed="1" failed="0" skipped="0">
  <reporter-output>
  </reporter-output>
  <suite started-at="2025-05-06T20:49:35 BOT" name="Default suite" finished-at="2025-05-06T20:57:01 BOT" duration-ms="446250">
    <groups>
    </groups>
    <test started-at="2025-05-06T20:49:35 BOT" name="Default test" finished-at="2025-05-06T20:57:01 BOT" duration-ms="446250">
      <class name="examenfinal.casa_ideas">
        <test-method is-config="true" signature="before()[pri:0, instance:examenfinal.casa_ideas@7dcf94f8]" started-at="2025-05-06T20:49:35 BOT" name="before" finished-at="2025-05-06T20:49:41 BOT" duration-ms="5861" status="PASS">
          <reporter-output>
          </reporter-output>
        </test-method> <!-- before -->
        <test-method signature="test()[pri:0, instance:examenfinal.casa_ideas@7dcf94f8]" started-at="2025-05-06T20:49:41 BOT" name="test" finished-at="2025-05-06T20:57:01 BOT" duration-ms="440104" status="PASS">
          <reporter-output>
          </reporter-output>
        </test-method> <!-- test -->
        <test-method is-config="true" signature="after()[pri:0, instance:examenfinal.casa_ideas@7dcf94f8]" started-at="2025-05-06T20:57:01 BOT" name="after" finished-at="2025-05-06T20:57:01 BOT" duration-ms="233" status="PASS">
          <reporter-output>
          </reporter-output>
        </test-method> <!-- after -->
      </class> <!-- examenfinal.casa_ideas -->
    </test> <!-- Default test -->
  </suite> <!-- Default suite -->
</testng-results>
