<?xml version="1.0" encoding="UTF-8"?>
<testng-results ignored="0" total="1" passed="1" failed="0" skipped="0">
  <reporter-output>
  </reporter-output>
  <suite started-at="2025-05-06T00:02:11 BOT" name="Default suite" finished-at="2025-05-06T00:05:41 BOT" duration-ms="210740">
    <groups>
    </groups>
    <test started-at="2025-05-06T00:02:11 BOT" name="Default test" finished-at="2025-05-06T00:05:41 BOT" duration-ms="210740">
      <class name="examenfinal.casaIdeasTest">
        <test-method is-config="true" signature="before()[pri:0, instance:examenfinal.casaIdeasTest@5e0e82ae]" started-at="2025-05-06T00:02:11 BOT" name="before" finished-at="2025-05-06T00:02:29 BOT" duration-ms="17903" status="PASS">
          <reporter-output>
          </reporter-output>
        </test-method> <!-- before -->
        <test-method signature="test()[pri:0, instance:examenfinal.casaIdeasTest@5e0e82ae]" started-at="2025-05-06T00:02:29 BOT" name="test" finished-at="2025-05-06T00:05:41 BOT" duration-ms="192070" status="PASS">
          <reporter-output>
          </reporter-output>
        </test-method> <!-- test -->
        <test-method is-config="true" signature="after()[pri:0, instance:examenfinal.casaIdeasTest@5e0e82ae]" started-at="2025-05-06T00:05:41 BOT" name="after" finished-at="2025-05-06T00:05:41 BOT" duration-ms="725" status="PASS">
          <reporter-output>
          </reporter-output>
        </test-method> <!-- after -->
      </class> <!-- examenfinal.casaIdeasTest -->
    </test> <!-- Default test -->
  </suite> <!-- Default suite -->
</testng-results>
