<?xml version="1.0" encoding="UTF-8"?>
<testng-results ignored="0" total="1" passed="1" failed="0" skipped="0">
  <reporter-output>
  </reporter-output>
  <suite started-at="2025-05-06T10:22:34 BOT" name="Default suite" finished-at="2025-05-06T10:23:23 BOT" duration-ms="48453">
    <groups>
    </groups>
    <test started-at="2025-05-06T10:22:34 BOT" name="Default test" finished-at="2025-05-06T10:23:23 BOT" duration-ms="48453">
      <class name="examenfinal.ExamenAlvaroT">
        <test-method is-config="true" signature="iniciar()[pri:0, instance:examenfinal.ExamenAlvaroT@6b2ea799]" started-at="2025-05-06T10:22:34 BOT" name="iniciar" finished-at="2025-05-06T10:22:39 BOT" duration-ms="4483" status="PASS">
          <reporter-output>
          </reporter-output>
        </test-method> <!-- iniciar -->
        <test-method signature="realizarCompraCompleta()[pri:0, instance:examenfinal.ExamenAlvaroT@6b2ea799]" started-at="2025-05-06T10:22:39 BOT" name="realizarCompraCompleta" finished-at="2025-05-06T10:23:23 BOT" duration-ms="43935" status="PASS">
          <reporter-output>
          </reporter-output>
        </test-method> <!-- realizarCompraCompleta -->
      </class> <!-- examenfinal.ExamenAlvaroT -->
    </test> <!-- Default test -->
  </suite> <!-- Default suite -->
</testng-results>
