<?xml version="1.0" encoding="UTF-8"?>
<testng-results ignored="0" total="1" passed="1" failed="0" skipped="0">
  <reporter-output>
  </reporter-output>
  <suite started-at="2025-05-06T19:31:26 BOT" name="Default suite" finished-at="2025-05-06T19:31:58 BOT" duration-ms="31972">
    <groups>
    </groups>
    <test started-at="2025-05-06T19:31:26 BOT" name="Default test" finished-at="2025-05-06T19:31:58 BOT" duration-ms="31972">
      <class name="examenfinal.examenCasaIdeas">
        <test-method is-config="true" signature="before()[pri:0, instance:examenfinal.examenCasaIdeas@7dcf94f8]" started-at="2025-05-06T19:31:26 BOT" name="before" finished-at="2025-05-06T19:31:31 BOT" duration-ms="5041" status="PASS">
          <reporter-output>
          </reporter-output>
        </test-method> <!-- before -->
        <test-method signature="mainTest()[pri:0, instance:examenfinal.examenCasaIdeas@7dcf94f8]" started-at="2025-05-06T19:31:31 BOT" name="mainTest" description="Navegar a la sección Nuevo y agregar productos" finished-at="2025-05-06T19:31:52 BOT" duration-ms="20717" status="PASS">
          <reporter-output>
          </reporter-output>
        </test-method> <!-- mainTest -->
        <test-method is-config="true" signature="after()[pri:0, instance:examenfinal.examenCasaIdeas@7dcf94f8]" started-at="2025-05-06T19:31:52 BOT" name="after" finished-at="2025-05-06T19:31:58 BOT" duration-ms="6167" status="PASS">
          <reporter-output>
          </reporter-output>
        </test-method> <!-- after -->
      </class> <!-- examenfinal.examenCasaIdeas -->
    </test> <!-- Default test -->
  </suite> <!-- Default suite -->
</testng-results>
