<?xml version="1.0" encoding="UTF-8"?>
<testng-results ignored="0" total="1" passed="1" failed="0" skipped="0">
  <reporter-output>
  </reporter-output>
  <suite started-at="2025-05-05T20:55:21 BOT" name="Default suite" finished-at="2025-05-05T20:56:11 BOT" duration-ms="49555">
    <groups>
    </groups>
    <test started-at="2025-05-05T20:55:21 BOT" name="Default test" finished-at="2025-05-05T20:56:11 BOT" duration-ms="49555">
      <class name="examenfinal.TestFinal">
        <test-method is-config="true" signature="before()[pri:0, instance:examenfinal.TestFinal@424ebba3]" started-at="2025-05-05T20:55:21 BOT" name="before" finished-at="2025-05-05T20:55:27 BOT" duration-ms="5866" status="PASS">
          <reporter-output>
          </reporter-output>
        </test-method> <!-- before -->
        <test-method signature="test()[pri:0, instance:examenfinal.TestFinal@424ebba3]" started-at="2025-05-05T20:55:27 BOT" name="test" finished-at="2025-05-05T20:56:11 BOT" duration-ms="43270" status="PASS">
          <reporter-output>
          </reporter-output>
        </test-method> <!-- test -->
        <test-method is-config="true" signature="after()[pri:0, instance:examenfinal.TestFinal@424ebba3]" started-at="2025-05-05T20:56:11 BOT" name="after" finished-at="2025-05-05T20:56:11 BOT" duration-ms="320" status="PASS">
          <reporter-output>
          </reporter-output>
        </test-method> <!-- after -->
      </class> <!-- examenfinal.TestFinal -->
    </test> <!-- Default test -->
  </suite> <!-- Default suite -->
</testng-results>
